<?xml version="1.0" encoding="UTF-8"?>
<!-- Generated by org.testng.reporters.JUnitReportReporter -->
<testsuite hostname="47f2b320546b56c" failures="0" tests="5" name="service.AccountServiceTest" time="0.006" errors="0" timestamp="2025-09-25T21:16:30 IST" skipped="0">
  <testcase classname="service.AccountServiceTest" name="createAndGet" time="0.002"/>
  <testcase classname="service.AccountServiceTest" name="duplicateThrows" time="0.000"/>
  <testcase classname="service.AccountServiceTest" name="getNotFound" time="0.001"/>
  <testcase classname="service.AccountServiceTest" name="getBalancePrecision" time="0.001"/>
  <testcase classname="service.AccountServiceTest" name="onePerTypePerCustomer" time="0.002"/>
</testsuite> <!-- service.AccountServiceTest -->
