<?xml version="1.0" encoding="UTF-8"?>
<!-- Generated by org.testng.reporters.JUnitReportReporter -->
<testsuite hostname="47f2b320546b56c" failures="0" tests="2" name="repository.AccountRepositoryTest" time="0.021" errors="0" timestamp="2025-09-25T21:16:30 IST" skipped="0">
  <testcase classname="repository.AccountRepositoryTest" name="existsAndDelete" time="0.005"/>
  <testcase classname="repository.AccountRepositoryTest" name="saveAndFind" time="0.016"/>
</testsuite> <!-- repository.AccountRepositoryTest -->
