<?xml version="1.0" encoding="UTF-8"?>
<!-- Generated by org.testng.reporters.JUnitReportReporter -->
<testsuite hostname="47f2b320546b56c" failures="0" tests="17" name="service.TransactionServiceTest" time="0.016" errors="0" timestamp="2025-09-25T21:16:30 IST" skipped="0">
  <testcase classname="service.TransactionServiceTest" name="deposit_DataDriven" time="0.001"/>
  <testcase classname="service.TransactionServiceTest" name="deposit_DataDriven" time="0.002"/>
  <testcase classname="service.TransactionServiceTest" name="deposit_DataDriven" time="0.001"/>
  <testcase classname="service.TransactionServiceTest" name="deposit_AccountNotFound" time="0.001"/>
  <testcase classname="service.TransactionServiceTest" name="withdraw_DataDriven" time="0.003"/>
  <testcase classname="service.TransactionServiceTest" name="withdraw_DataDriven" time="0.002"/>
  <testcase classname="service.TransactionServiceTest" name="withdraw_DataDriven" time="0.001"/>
  <testcase classname="service.TransactionServiceTest" name="withdraw_DataDriven" time="0.000"/>
  <testcase classname="service.TransactionServiceTest" name="withdraw_Insufficient" time="0.000"/>
  <testcase classname="service.TransactionServiceTest" name="withdraw_AccountNotFound" time="0.001"/>
  <testcase classname="service.TransactionServiceTest" name="transfer_DataDriven" time="0.000"/>
  <testcase classname="service.TransactionServiceTest" name="transfer_DataDriven" time="0.000"/>
  <testcase classname="service.TransactionServiceTest" name="transfer_DataDriven" time="0.000"/>
  <testcase classname="service.TransactionServiceTest" name="transfer_DataDriven" time="0.000"/>
  <testcase classname="service.TransactionServiceTest" name="transfer_DataDriven" time="0.001"/>
  <testcase classname="service.TransactionServiceTest" name="transfer_DataDriven" time="0.001"/>
  <testcase classname="service.TransactionServiceTest" name="transfer_SameAccount_MessageCheck" time="0.002"/>
</testsuite> <!-- service.TransactionServiceTest -->
