<?xml version="1.0" encoding="UTF-8"?>
<!-- Generated by org.testng.reporters.JUnitReportReporter -->
<testsuite hostname="47f2b320546b56c" failures="0" tests="2" name="service.BankStatementServiceTest" time="0.017" errors="0" timestamp="2025-09-25T21:16:30 IST" skipped="0">
  <testcase classname="service.BankStatementServiceTest" name="dateBoundsIncludeNow" time="0.014"/>
  <testcase classname="service.BankStatementServiceTest" name="statementContainsAll" time="0.003"/>
</testsuite> <!-- service.BankStatementServiceTest -->
